[+] No (explicit) message information available
[+] Parsed 256 equations in 321 variables (71 are known)
[+] PRNG initialized to 0x7E86D5CE
 48 low time solvers 
Randomized Search : 

collision found!! Output : 10


[>] Result found : 
   - Time complexity : 2^96
   - Memory complexity : 2^96
   - Number of solution : 2^80
[+] Output XML file: 
	xml/Grostl_6R_collision_Fig20_BlueNB_12-12_0.xml
[+] Source file: Grostl_6R_collision_Fig20_BlueNB_12-12_0.c
[+] Compilation : 
	gcc -Wall Programs/Grostl_6R_collision_Fig20_BlueNB_12-12_0.c -o Programs/Grostl_6R_collision_Fig20_BlueNB_12-12_0 -O3
	./Programs/Grostl_6R_collision_Fig20_BlueNB_12-12_0

Sart C code generation (may take a long time ...) : 
- Refine solver
- Write attacks

	- write subroutine (1)
	- write subroutine (2)
	- write subroutine (4)
	- write subroutine (6)
	- write subroutine (8)
	- write subroutine (10)
	- write subroutine (12)
	- write subroutine (14)
	- write subroutine (16)
	- write subroutine (18)
	- write subroutine (19)
	- write subroutine (20)
	- write subroutine (22)
	- write subroutine (23)
	- write subroutine (25)
	- write subroutine (27)
	- write subroutine (28)
	- write subroutine (29)
	- write subroutine (30)
	- write subroutine (31)
	- write subroutine (32)
	- write subroutine (33)
	- write subroutine (34)
	- write subroutine (35)
	- write subroutine (36)
	- write subroutine (37)
	- write subroutine (39)
	- write subroutine (41)
	- write subroutine (43)
	- write subroutine (45)
	- write subroutine (47)
	- write subroutine (49)
	- write subroutine (50)
	- write subroutine (52)
	- write subroutine (54)
	- write subroutine (55)
	- write subroutine (57)
	- write subroutine (59)
	- write subroutine (61)
	- write subroutine (62)
	- write subroutine (63)
	- write subroutine (64)
	- write subroutine (65)
	- write subroutine (66)
	- write subroutine (67)
	- write subroutine (68)
	- write subroutine (71)
	- write subroutine (72)
	- write subroutine (73)
	- write subroutine (74)
	- write subroutine (75)
	- write subroutine (76)
	- write subroutine (77)
	- write subroutine (78)
	- write subroutine (79)
	- write subroutine (80)
	- write subroutine (81)
	- write subroutine (82)
	- write subroutine (83)
	- write subroutine (84)
	- write subroutine (85)
	- write subroutine (85)
	- write subroutine (86)
	- write subroutine (87)
	- write subroutine (88)
	- write subroutine (89)
	- write subroutine (90)
	- write subroutine (91)
	- write subroutine (92)
	- write subroutine (93)
	- write subroutine (94)
	- write subroutine (96)
	- write subroutine (98)
	- write subroutine (99)
	- write subroutine (100)
	- write subroutine (101)
	- write subroutine (102)
	- write subroutine (103)
	- write subroutine (104)
	- write subroutine (106)
	- write subroutine (108)
	- write subroutine (109)
	- write subroutine (110)
	- write subroutine (111)
	- write subroutine (112)
	- write subroutine (113)
	- write subroutine (115)
	- write subroutine (117)
	- write subroutine (118)
	- write subroutine (119)
	- write subroutine (120)
	- write subroutine (121)
	- write subroutine (122)
	- write subroutine (124)
	- write subroutine (126)
	- write subroutine (127)
	- write subroutine (128)
	- write subroutine (129)
	- write subroutine (130)
	- write subroutine (131)
	- write subroutine (132)
	- write subroutine (134)
	- write subroutine (136)
	- write subroutine (137)
	- write subroutine (138)
	- write subroutine (139)
	- write subroutine (140)
	- write subroutine (141)
	- write subroutine (143)
	- write subroutine (145)
	- write subroutine (146)
	- write subroutine (147)
	- write subroutine (148)
	- write subroutine (149)
	- write subroutine (150)
	- write subroutine (151)
	- write subroutine (153)
	- write subroutine (155)
	- write subroutine (156)
	- write subroutine (157)
	- write subroutine (158)
	- write subroutine (159)
	- write subroutine (160)
	- write subroutine (161)
	- write subroutine (162)
	- write subroutine (164)
	- write subroutine (165)
	- write subroutine (166)
	- write subroutine (167)
	- write subroutine (168)
	- write subroutine (169)
	- write subroutine (170)
	- write subroutine (172)
	- write subroutine (173)
	- write subroutine (174)
	- write subroutine (175)
	- write subroutine (176)
	- write subroutine (177)
	- write subroutine (178)
	- write subroutine (179)
	- write subroutine (180)
	- write subroutine (181)
	- write subroutine (182)
	- write subroutine (183)
	- write subroutine (184)
	- write subroutine (185)
	- write subroutine (186)
	- write subroutine (187)
	- write subroutine (188)
	- write subroutine (189)
	- write subroutine (190)
	- write subroutine (191)
	- write subroutine (192)
	- write subroutine (193)
	- write subroutine (194)
	- write subroutine (195)
	- write subroutine (196)
	- write subroutine (197)
	- write subroutine (198)
	- write subroutine (199)
	- write subroutine (200)
	- write subroutine (201)
	- write subroutine (202)
	- write subroutine (203)
	- write subroutine (204)
	- write subroutine (205)
	- write subroutine (206)
	- write subroutine (207)
	- write subroutine (208)
	- write subroutine (210)
	- write subroutine (211)
	- write subroutine (212)
	- write subroutine (213)
	- write subroutine (214)
	- write subroutine (215)
	- write subroutine (216)
	- write subroutine (218)
	- write subroutine (220)
	- write subroutine (221)
	- write subroutine (222)
	- write subroutine (223)
	- write subroutine (224)
	- write subroutine (225)
	- write subroutine (226)
	- write subroutine (228)
	- write subroutine (230)
	- write subroutine (231)
	- write subroutine (232)
	- write subroutine (233)
	- write subroutine (234)
	- write subroutine (235)
	- write subroutine (236)
	- write subroutine (238)
	- write subroutine (240)
	- write subroutine (241)
	- write subroutine (242)
	- write subroutine (243)
	- write subroutine (244)
	- write subroutine (245)
	- write subroutine (246)
	- write subroutine (248)
	- write subroutine (250)
	- write subroutine (251)
	- write subroutine (252)
	- write subroutine (253)
	- write subroutine (254)
	- write subroutine (255)
	- write subroutine (256)
	- write subroutine (258)
	- write subroutine (260)
	- write subroutine (261)
	- write subroutine (262)
	- write subroutine (263)
	- write subroutine (264)
	- write subroutine (265)
	- write subroutine (266)
	- write subroutine (268)
	- write subroutine (270)
	- write subroutine (271)
	- write subroutine (272)
	- write subroutine (273)
	- write subroutine (274)
	- write subroutine (275)
	- write subroutine (276)
	- write subroutine (278)
	- write subroutine (280)
	- write subroutine (281)
	- write subroutine (282)
	- write subroutine (283)
	- write subroutine (284)
	- write subroutine (285)
	- write subroutine (286)
	- write subroutine (288)
	- write subroutine (289)
	- write subroutine (290)
	- write subroutine (291)
	- write subroutine (292)
	- write subroutine (293)
	- write subroutine (294)
	- write subroutine (295)
	- write subroutine (296)
	- write subroutine (297)
	- write subroutine (298)
	- write subroutine (299)
	- write subroutine (300)
	- write subroutine (301)
	- write subroutine (302)
	- write subroutine (303)
	- write subroutine (304)
	- write subroutine (305)
	- write subroutine (306)
	- write subroutine (307)
	- write subroutine (308)
	- write subroutine (309)
	- write subroutine (310)
	- write subroutine (311)
	- write subroutine (312)
	- write subroutine (313)
	- write subroutine (314)
	- write subroutine (315)
	- write subroutine (316)
	- write subroutine (317)
	- write subroutine (318)
	- write subroutine (319)
	- write subroutine (320)
	- write subroutine (321)
 Make a generator for known variables ? (y/n) - Write generator

	- write subroutine (322)
	- write subroutine (323)
	- write subroutine (325)
	- write subroutine (327)
	- write subroutine (329)
	- write subroutine (331)
	- write subroutine (333)
	- write subroutine (335)
	- write subroutine (337)
	- write subroutine (339)
	- write subroutine (341)
	- write subroutine (343)
	- write subroutine (345)
	- write subroutine (347)
	- write subroutine (349)
	- write subroutine (351)
	- write subroutine (353)
	- write subroutine (355)
	- write subroutine (357)
	- write subroutine (359)
	- write subroutine (361)
	- write subroutine (363)
	- write subroutine (365)
	- write subroutine (367)
	- write subroutine (369)
	- write subroutine (371)
	- write subroutine (373)
	- write subroutine (375)
	- write subroutine (377)
	- write subroutine (379)
	- write subroutine (381)
	- write subroutine (383)
	- write subroutine (385)
	- write subroutine (387)
	- write subroutine (389)
	- write subroutine (391)
	- write subroutine (393)
	- write subroutine (395)
	- write subroutine (397)
	- write subroutine (399)
	- write subroutine (401)
	- write subroutine (402)
	- write subroutine (404)
	- write subroutine (406)
	- write subroutine (408)
	- write subroutine (410)
	- write subroutine (412)
	- write subroutine (414)
	- write subroutine (416)
	- write subroutine (418)
	- write subroutine (420)
	- write subroutine (422)
	- write subroutine (424)
	- write subroutine (426)
	- write subroutine (428)
	- write subroutine (430)
	- write subroutine (431)
	- write subroutine (432)
	- write subroutine (433)
	- write subroutine (434)
	- write subroutine (435)
	- write subroutine (436)
	- write subroutine (437)
	- write subroutine (438)
	- write subroutine (439)
	- write subroutine (440)
	- write subroutine (441)
	- write subroutine (442)
	- write subroutine (443)
	- write subroutine (444)

Done
